# JRE version: OpenJDK Runtime Environment JBR-21.0.9+10-1163.94-jcef (21.0.9+10) (build 21.0.9+10-b1163.94)
# Java VM: OpenJDK 64-Bit Server VM JBR-21.0.9+10-1163.94-jcef (21.0.9+10-b1163.94, mixed mode, sharing, tiered, compressed oops, compressed class ptrs, g1 gc, linux-amd64)
GC Precious Log:
 CardTable entry size: 512
 Card Set container configuration: InlinePtr #cards 5 size 8 Array Of Cards #cards 12 size 40 Howl #buckets 4 coarsen threshold 1843 Howl Bitmap #cards 512 size 80 coarsen threshold 460 Card regions per heap region 1 cards per card region 2048
 CPUs: 4 total, 4 available
 Memory: 14504M
 Large Page Support: Disabled
 NUMA Support: Disabled
 Compressed Oops: Enabled (32-bit)
 Heap Region Size: 1M
 Heap Min Capacity: 256M
 Heap Initial Capacity: 256M
 Heap Max Capacity: 750M
 Pre-touch: Disabled
 Parallel Workers: 4
 Concurrent Workers: 1
 Concurrent Refinement Workers: 4
 Periodic GC: Disabled
Heap:
 garbage-first heap   total 265216K, used 18660K [0x00000000d1200000, 0x0000000100000000)
  region size 1024K, 11 young (11264K), 6 survivors (6144K)
 Metaspace       used 10412K, committed 10816K, reserved 1114112K
  class space    used 1122K, committed 1344K, reserved 1048576K
GC Heap History (19 events):
Event: 2.475 GC heap before
{Heap before GC invocations=0 (full 0):
 garbage-first heap   total 265216K, used 17606K [0x00000000d1200000, 0x0000000100000000)
  region size 1024K, 13 young (13312K), 0 survivors (0K)
 Metaspace       used 2913K, committed 3136K, reserved 1114112K
  class space    used 399K, committed 512K, reserved 1048576K
}
Event: 2.541 GC heap after
{Heap after GC invocations=1 (full 0):
 garbage-first heap   total 265216K, used 7718K [0x00000000d1200000, 0x0000000100000000)
  region size 1024K, 2 young (2048K), 2 survivors (2048K)
 Metaspace       used 2913K, committed 3136K, reserved 1114112K
  class space    used 399K, committed 512K, reserved 1048576K
}
Event: 4.570 GC heap before
{Heap before GC invocations=1 (full 0):
 garbage-first heap   total 265216K, used 16934K [0x00000000d1200000, 0x0000000100000000)
  region size 1024K, 12 young (12288K), 2 survivors (2048K)
 Metaspace       used 6181K, committed 6528K, reserved 1114112K
  class space    used 820K, committed 1024K, reserved 1048576K
}
Event: 4.608 GC heap after
{Heap after GC invocations=2 (full 0):
 garbage-first heap   total 265216K, used 9104K [0x00000000d1200000, 0x0000000100000000)
  region size 1024K, 2 young (2048K), 2 survivors (2048K)
 Metaspace       used 6181K, committed 6528K, reserved 1114112K
  class space    used 820K, committed 1024K, reserved 1048576K
}
Event: 139.508 GC heap before
{Heap before GC invocations=2 (full 0):
 garbage-first heap   total 265216K, used 34704K [0x00000000d1200000, 0x0000000100000000)
  region size 1024K, 27 young (27648K), 2 survivors (2048K)
 Metaspace       used 9246K, committed 9664K, reserved 1114112K
  class space    used 1072K, committed 1280K, reserved 1048576K
}
Event: 139.540 GC heap after
{Heap after GC invocations=3 (full 0):
 garbage-first heap   total 265216K, used 10343K [0x00000000d1200000, 0x0000000100000000)
  region size 1024K, 3 young (3072K), 3 survivors (3072K)
 Metaspace       used 9246K, committed 9664K, reserved 1114112K
  class space    used 1072K, committed 1280K, reserved 1048576K
}
Event: 415.257 GC heap before
{Heap before GC invocations=3 (full 0):
 garbage-first heap   total 265216K, used 162919K [0x00000000d1200000, 0x0000000100000000)
  region size 1024K, 153 young (156672K), 3 survivors (3072K)
 Metaspace       used 10045K, committed 10496K, reserved 1114112K
  class space    used 1109K, committed 1344K, reserved 1048576K
}
Event: 415.386 GC heap after
{Heap after GC invocations=4 (full 0):
 garbage-first heap   total 265216K, used 11727K [0x00000000d1200000, 0x0000000100000000)
  region size 1024K, 4 young (4096K), 4 survivors (4096K)
 Metaspace       used 10045K, committed 10496K, reserved 1114112K
  class space    used 1109K, committed 1344K, reserved 1048576K
}
Event: 1877.222 GC heap before
{Heap before GC invocations=4 (full 0):
 garbage-first heap   total 265216K, used 163279K [0x00000000d1200000, 0x0000000100000000)
  region size 1024K, 153 young (156672K), 4 survivors (4096K)
 Metaspace       used 10205K, committed 10688K, reserved 1114112K
  class space    used 1110K, committed 1344K, reserved 1048576K
}
Event: 1877.312 GC heap after
{Heap after GC invocations=5 (full 0):
 garbage-first heap   total 265216K, used 10661K [0x00000000d1200000, 0x0000000100000000)
  region size 1024K, 3 young (3072K), 3 survivors (3072K)
 Metaspace       used 10205K, committed 10688K, reserved 1114112K
  class space    used 1110K, committed 1344K, reserved 1048576K
}
Event: 1927.290 GC heap before
{Heap before GC invocations=5 (full 0):
 garbage-first heap   total 265216K, used 164261K [0x00000000d1200000, 0x0000000100000000)
  region size 1024K, 153 young (156672K), 3 survivors (3072K)
 Metaspace       used 10231K, committed 10688K, reserved 1114112K
  class space    used 1110K, committed 1344K, reserved 1048576K
}
Event: 1927.339 GC heap after
{Heap after GC invocations=6 (full 0):
 garbage-first heap   total 265216K, used 13239K [0x00000000d1200000, 0x0000000100000000)
  region size 1024K, 6 young (6144K), 6 survivors (6144K)
 Metaspace       used 10231K, committed 10688K, reserved 1114112K
  class space    used 1110K, committed 1344K, reserved 1048576K
}
Event: 1983.613 GC heap before
{Heap before GC invocations=6 (full 0):
 garbage-first heap   total 265216K, used 162743K [0x00000000d1200000, 0x0000000100000000)
  region size 1024K, 153 young (156672K), 6 survivors (6144K)
 Metaspace       used 10355K, committed 10816K, reserved 1114112K
  class space    used 1122K, committed 1344K, reserved 1048576K
}
Event: 1983.671 GC heap after
{Heap after GC invocations=7 (full 0):
 garbage-first heap   total 265216K, used 11957K [0x00000000d1200000, 0x0000000100000000)
  region size 1024K, 4 young (4096K), 4 survivors (4096K)
 Metaspace       used 10355K, committed 10816K, reserved 1114112K
  class space    used 1122K, committed 1344K, reserved 1048576K
}
Event: 2016.940 GC heap before
{Heap before GC invocations=7 (full 0):
 garbage-first heap   total 265216K, used 164533K [0x00000000d1200000, 0x0000000100000000)
  region size 1024K, 153 young (156672K), 4 survivors (4096K)
 Metaspace       used 10380K, committed 10816K, reserved 1114112K
  class space    used 1122K, committed 1344K, reserved 1048576K
}
Event: 2016.963 GC heap after
{Heap after GC invocations=8 (full 0):
 garbage-first heap   total 265216K, used 12981K [0x00000000d1200000, 0x0000000100000000)
  region size 1024K, 5 young (5120K), 5 survivors (5120K)
 Metaspace       used 10380K, committed 10816K, reserved 1114112K
  class space    used 1122K, committed 1344K, reserved 1048576K
}
Event: 2038.200 GC heap before
{Heap before GC invocations=8 (full 0):
 garbage-first heap   total 265216K, used 164533K [0x00000000d1200000, 0x0000000100000000)
  region size 1024K, 153 young (156672K), 5 survivors (5120K)
 Metaspace       used 10400K, committed 10816K, reserved 1114112K
  class space    used 1122K, committed 1344K, reserved 1048576K
}
Event: 2038.244 GC heap after
{Heap after GC invocations=9 (full 0):
 garbage-first heap   total 265216K, used 13662K [0x00000000d1200000, 0x0000000100000000)
  region size 1024K, 6 young (6144K), 6 survivors (6144K)
 Metaspace       used 10400K, committed 10816K, reserved 1114112K
  class space    used 1122K, committed 1344K, reserved 1048576K
}
Event: 3600.213 GC heap before
{Heap before GC invocations=9 (full 0):
 garbage-first heap   total 265216K, used 17758K [0x00000000d1200000, 0x0000000100000000)
  region size 1024K, 11 young (11264K), 6 survivors (6144K)
 Metaspace       used 10412K, committed 10816K, reserved 1114112K
  class space    used 1122K, committed 1344K, reserved 1048576K
}

